The currently activated Python version 3.8.10 is not supported by the project (3.11.7).
Trying to find and use a compatible version. 
Using python3 (3.11.7)
Special tokens have been added in the vocabulary, make sure the associated word embeddings are fine-tuned or trained.
/nfs-share/pa511/.cache/pypoetry/virtualenvs/sft-trainer-BuWaszXD-py3.11/lib/python3.11/site-packages/flwr_datasets/utils.py:85: UserWarning: The currently tested dataset are ['mnist', 'cifar10', 'fashion_mnist', 'sasha/dog-food', 'zh-plus/tiny-imagenet']. Given: medalpaca/medical_meadow_medical_flashcards.
  warnings.warn(
[92mINFO [0m:      Starting Flower ServerApp, config: num_rounds=200, no round_timeout
[92mINFO [0m:      
[92mINFO [0m:      [INIT]
[92mINFO [0m:      Requesting initial parameters from one random client
[91mERROR [0m:     An exception was raised when processing a message by RayBackend
[91mERROR [0m:     [36mray::ClientAppActor.run()[39m (pid=3544856, ip=128.232.115.0, actor_id=21a810a08a17f9f233d27dbd01000000, repr=<flwr.simulation.ray_transport.ray_actor.ClientAppActor object at 0x7efcc4075650>)
                  ^^^^^^^^^^^^^^^^^^^^^^^^^^^^^^^^^^^^^
  File "/nfs-share/pa511/.cache/pypoetry/virtualenvs/sft-trainer-BuWaszXD-py3.11/lib/python3.11/site-packages/flwr/client/client_app.py", line 98, in __call__
    return self._call(message, context)
           ^^^^^^^^^^^^^^^^^^^^^^^^^^^^
  File "/nfs-share/pa511/.cache/pypoetry/virtualenvs/sft-trainer-BuWaszXD-py3.11/lib/python3.11/site-packages/flwr/client/client_app.py", line 81, in ffn
    out_message = handle_legacy_message_from_msgtype(
                  ^^^^^^^^^^^^^^^^^^^^^^^^^^^^^^^^^^^
  File "/nfs-share/pa511/.cache/pypoetry/virtualenvs/sft-trainer-BuWaszXD-py3.11/lib/python3.11/site-packages/flwr/client/message_handler/message_handler.py", line 96, in handle_legacy_message_from_msgtype
    client = client_fn(str(message.metadata.partition_id))
             ^^^^^^^^^^^^^^^^^^^^^^^^^^^^^^^^^^^^^^^^^^^^^
  File "/nfs-share/pa511/developments/sft_trainer/client.py", line 191, in client_fn
    return FlowerClient(
           ^^^^^^^^^^^^^
  File "/nfs-share/pa511/developments/sft_trainer/client.py", line 69, in __init__
    self.model = get_model(cfg)
                 ^^^^^^^^^^^^^^
  File "/nfs-share/pa511/developments/sft_trainer/client.py", line 299, in get_model
    model = prepare_model_for_kbit_training(
            ^^^^^^^^^^^^^^^^^^^^^^^^^^^^^^^^
  File "/nfs-share/pa511/.cache/pypoetry/virtualenvs/sft-trainer-BuWaszXD-py3.11/lib/python3.11/site-packages/peft/utils/other.py", line 98, in prepare_model_for_kbit_training
    param.data = param.data.to(torch.float32)
                 ^^^^^^^^^^^^^^^^^^^^^^^^^^^^
torch.cuda.OutOfMemoryError: CUDA out of memory. Tried to allocate 100.00 MiB. GPU 

The above exception was the direct cause of the following exception:

[36mray::ClientAppActor.run()[39m (pid=3544856, ip=128.232.115.0, actor_id=21a810a08a17f9f233d27dbd01000000, repr=<flwr.simulation.ray_transport.ray_actor.ClientAppActor object at 0x7efcc4075650>)
           ^^^^^^^^^^^^^^^^^^^^^^^^^^^^^^^^^^^^
           ^^^^^^^^^^^^^^^^^^^^^^^^^^^^^^^
  File "/nfs-share/pa511/.cache/pypoetry/virtualenvs/sft-trainer-BuWaszXD-py3.11/lib/python3.11/site-packages/flwr/simulation/ray_transport/ray_actor.py", line 64, in run
    raise ClientAppException(str(ex)) from ex
flwr.client.client_app.ClientAppException: 
Exception ClientAppException occurred. Message: CUDA out of memory. Tried to allocate 100.00 MiB. GPU
[91mERROR [0m:     Traceback (most recent call last):
  File "/nfs-share/pa511/.cache/pypoetry/virtualenvs/sft-trainer-BuWaszXD-py3.11/lib/python3.11/site-packages/flwr/server/superlink/fleet/vce/vce_api.py", line 80, in worker
    out_mssg, updated_context = await backend.process_message(
                                ^^^^^^^^^^^^^^^^^^^^^^^^^^^^^^
  File "/nfs-share/pa511/.cache/pypoetry/virtualenvs/sft-trainer-BuWaszXD-py3.11/lib/python3.11/site-packages/flwr/server/superlink/fleet/vce/backend/raybackend.py", line 178, in process_message
    raise ex
  File "/nfs-share/pa511/.cache/pypoetry/virtualenvs/sft-trainer-BuWaszXD-py3.11/lib/python3.11/site-packages/flwr/server/superlink/fleet/vce/backend/raybackend.py", line 161, in process_message
    await future
ray.exceptions.RayTaskError(ClientAppException): [36mray::ClientAppActor.run()[39m (pid=3544856, ip=128.232.115.0, actor_id=21a810a08a17f9f233d27dbd01000000, repr=<flwr.simulation.ray_transport.ray_actor.ClientAppActor object at 0x7efcc4075650>)
                  ^^^^^^^^^^^^^^^^^^^^^^^^^^^^^^^^^^^^^
  File "/nfs-share/pa511/.cache/pypoetry/virtualenvs/sft-trainer-BuWaszXD-py3.11/lib/python3.11/site-packages/flwr/client/client_app.py", line 98, in __call__
    return self._call(message, context)
           ^^^^^^^^^^^^^^^^^^^^^^^^^^^^
  File "/nfs-share/pa511/.cache/pypoetry/virtualenvs/sft-trainer-BuWaszXD-py3.11/lib/python3.11/site-packages/flwr/client/client_app.py", line 81, in ffn
    out_message = handle_legacy_message_from_msgtype(
                  ^^^^^^^^^^^^^^^^^^^^^^^^^^^^^^^^^^^
  File "/nfs-share/pa511/.cache/pypoetry/virtualenvs/sft-trainer-BuWaszXD-py3.11/lib/python3.11/site-packages/flwr/client/message_handler/message_handler.py", line 96, in handle_legacy_message_from_msgtype
    client = client_fn(str(message.metadata.partition_id))
             ^^^^^^^^^^^^^^^^^^^^^^^^^^^^^^^^^^^^^^^^^^^^^
  File "/nfs-share/pa511/developments/sft_trainer/client.py", line 191, in client_fn
    return FlowerClient(
           ^^^^^^^^^^^^^
  File "/nfs-share/pa511/developments/sft_trainer/client.py", line 69, in __init__
    self.model = get_model(cfg)
                 ^^^^^^^^^^^^^^
  File "/nfs-share/pa511/developments/sft_trainer/client.py", line 299, in get_model
    model = prepare_model_for_kbit_training(
            ^^^^^^^^^^^^^^^^^^^^^^^^^^^^^^^^
  File "/nfs-share/pa511/.cache/pypoetry/virtualenvs/sft-trainer-BuWaszXD-py3.11/lib/python3.11/site-packages/peft/utils/other.py", line 98, in prepare_model_for_kbit_training
    param.data = param.data.to(torch.float32)
                 ^^^^^^^^^^^^^^^^^^^^^^^^^^^^
torch.cuda.OutOfMemoryError: CUDA out of memory. Tried to allocate 100.00 MiB. GPU 

The above exception was the direct cause of the following exception:

[36mray::ClientAppActor.run()[39m (pid=3544856, ip=128.232.115.0, actor_id=21a810a08a17f9f233d27dbd01000000, repr=<flwr.simulation.ray_transport.ray_actor.ClientAppActor object at 0x7efcc4075650>)
           ^^^^^^^^^^^^^^^^^^^^^^^^^^^^^^^^^^^^
           ^^^^^^^^^^^^^^^^^^^^^^^^^^^^^^^
  File "/nfs-share/pa511/.cache/pypoetry/virtualenvs/sft-trainer-BuWaszXD-py3.11/lib/python3.11/site-packages/flwr/simulation/ray_transport/ray_actor.py", line 64, in run
    raise ClientAppException(str(ex)) from ex
flwr.client.client_app.ClientAppException: 
Exception ClientAppException occurred. Message: CUDA out of memory. Tried to allocate 100.00 MiB. GPU

[91mERROR [0m:     ServerApp thread raised an exception: Message contains an Error (reason: <class 'ray.exceptions.RayTaskError(ClientAppException)'>:<'[36mray::ClientAppActor.run()[39m (pid=3544856, ip=128.232.115.0, actor_id=21a810a08a17f9f233d27dbd01000000, repr=<flwr.simulation.ray_transport.ray_actor.ClientAppActor object at 0x7efcc4075650>)
                  ^^^^^^^^^^^^^^^^^^^^^^^^^^^^^^^^^^^^^
  File "/nfs-share/pa511/.cache/pypoetry/virtualenvs/sft-trainer-BuWaszXD-py3.11/lib/python3.11/site-packages/flwr/client/client_app.py", line 98, in __call__
    return self._call(message, context)
           ^^^^^^^^^^^^^^^^^^^^^^^^^^^^
  File "/nfs-share/pa511/.cache/pypoetry/virtualenvs/sft-trainer-BuWaszXD-py3.11/lib/python3.11/site-packages/flwr/client/client_app.py", line 81, in ffn
    out_message = handle_legacy_message_from_msgtype(
                  ^^^^^^^^^^^^^^^^^^^^^^^^^^^^^^^^^^^
  File "/nfs-share/pa511/.cache/pypoetry/virtualenvs/sft-trainer-BuWaszXD-py3.11/lib/python3.11/site-packages/flwr/client/message_handler/message_handler.py", line 96, in handle_legacy_message_from_msgtype
    client = client_fn(str(message.metadata.partition_id))
             ^^^^^^^^^^^^^^^^^^^^^^^^^^^^^^^^^^^^^^^^^^^^^
  File "/nfs-share/pa511/developments/sft_trainer/client.py", line 191, in client_fn
    return FlowerClient(
           ^^^^^^^^^^^^^
  File "/nfs-share/pa511/developments/sft_trainer/client.py", line 69, in __init__
    self.model = get_model(cfg)
                 ^^^^^^^^^^^^^^
  File "/nfs-share/pa511/developments/sft_trainer/client.py", line 299, in get_model
    model = prepare_model_for_kbit_training(
            ^^^^^^^^^^^^^^^^^^^^^^^^^^^^^^^^
  File "/nfs-share/pa511/.cache/pypoetry/virtualenvs/sft-trainer-BuWaszXD-py3.11/lib/python3.11/site-packages/peft/utils/other.py", line 98, in prepare_model_for_kbit_training
    param.data = param.data.to(torch.float32)
                 ^^^^^^^^^^^^^^^^^^^^^^^^^^^^
torch.cuda.OutOfMemoryError: CUDA out of memory. Tried to allocate 100.00 MiB. GPU 

The above exception was the direct cause of the following exception:

[36mray::ClientAppActor.run()[39m (pid=3544856, ip=128.232.115.0, actor_id=21a810a08a17f9f233d27dbd01000000, repr=<flwr.simulation.ray_transport.ray_actor.ClientAppActor object at 0x7efcc4075650>)
           ^^^^^^^^^^^^^^^^^^^^^^^^^^^^^^^^^^^^
           ^^^^^^^^^^^^^^^^^^^^^^^^^^^^^^^
  File "/nfs-share/pa511/.cache/pypoetry/virtualenvs/sft-trainer-BuWaszXD-py3.11/lib/python3.11/site-packages/flwr/simulation/ray_transport/ray_actor.py", line 64, in run
    raise ClientAppException(str(ex)) from ex
flwr.client.client_app.ClientAppException: 
Exception ClientAppException occurred. Message: CUDA out of memory. Tried to allocate 100.00 MiB. GPU'>). It originated during client-side execution of a message.
[91mERROR [0m:     Traceback (most recent call last):
  File "/nfs-share/pa511/.cache/pypoetry/virtualenvs/sft-trainer-BuWaszXD-py3.11/lib/python3.11/site-packages/flwr/simulation/run_simulation.py", line 145, in server_th_with_start_checks
    run(**kwargs)
  File "/nfs-share/pa511/.cache/pypoetry/virtualenvs/sft-trainer-BuWaszXD-py3.11/lib/python3.11/site-packages/flwr/server/run_serverapp.py", line 70, in run
    server_app(driver=driver, context=context)
  File "/nfs-share/pa511/.cache/pypoetry/virtualenvs/sft-trainer-BuWaszXD-py3.11/lib/python3.11/site-packages/flwr/server/server_app.py", line 73, in __call__
    start_driver(
  File "/nfs-share/pa511/.cache/pypoetry/virtualenvs/sft-trainer-BuWaszXD-py3.11/lib/python3.11/site-packages/flwr/server/compat/app.py", line 90, in start_driver
    hist = run_fl(
           ^^^^^^^
  File "/nfs-share/pa511/.cache/pypoetry/virtualenvs/sft-trainer-BuWaszXD-py3.11/lib/python3.11/site-packages/flwr/server/server.py", line 490, in run_fl
    hist, elapsed_time = server.fit(
                         ^^^^^^^^^^^
  File "/nfs-share/pa511/.cache/pypoetry/virtualenvs/sft-trainer-BuWaszXD-py3.11/lib/python3.11/site-packages/flwr/server/server.py", line 93, in fit
    self.parameters = self._get_initial_parameters(server_round=0, timeout=timeout)
                      ^^^^^^^^^^^^^^^^^^^^^^^^^^^^^^^^^^^^^^^^^^^^^^^^^^^^^^^^^^^^^
  File "/nfs-share/pa511/.cache/pypoetry/virtualenvs/sft-trainer-BuWaszXD-py3.11/lib/python3.11/site-packages/flwr/server/server.py", line 282, in _get_initial_parameters
    get_parameters_res = random_client.get_parameters(
                         ^^^^^^^^^^^^^^^^^^^^^^^^^^^^^
  File "/nfs-share/pa511/.cache/pypoetry/virtualenvs/sft-trainer-BuWaszXD-py3.11/lib/python3.11/site-packages/flwr/server/compat/driver_client_proxy.py", line 67, in get_parameters
    in_recordset = self._send_receive_recordset(
                   ^^^^^^^^^^^^^^^^^^^^^^^^^^^^^
  File "/nfs-share/pa511/.cache/pypoetry/virtualenvs/sft-trainer-BuWaszXD-py3.11/lib/python3.11/site-packages/flwr/server/compat/driver_client_proxy.py", line 142, in _send_receive_recordset
    raise ValueError(
ValueError: Message contains an Error (reason: <class 'ray.exceptions.RayTaskError(ClientAppException)'>:<'[36mray::ClientAppActor.run()[39m (pid=3544856, ip=128.232.115.0, actor_id=21a810a08a17f9f233d27dbd01000000, repr=<flwr.simulation.ray_transport.ray_actor.ClientAppActor object at 0x7efcc4075650>)
                  ^^^^^^^^^^^^^^^^^^^^^^^^^^^^^^^^^^^^^
  File "/nfs-share/pa511/.cache/pypoetry/virtualenvs/sft-trainer-BuWaszXD-py3.11/lib/python3.11/site-packages/flwr/client/client_app.py", line 98, in __call__
    return self._call(message, context)
           ^^^^^^^^^^^^^^^^^^^^^^^^^^^^
  File "/nfs-share/pa511/.cache/pypoetry/virtualenvs/sft-trainer-BuWaszXD-py3.11/lib/python3.11/site-packages/flwr/client/client_app.py", line 81, in ffn
    out_message = handle_legacy_message_from_msgtype(
                  ^^^^^^^^^^^^^^^^^^^^^^^^^^^^^^^^^^^
  File "/nfs-share/pa511/.cache/pypoetry/virtualenvs/sft-trainer-BuWaszXD-py3.11/lib/python3.11/site-packages/flwr/client/message_handler/message_handler.py", line 96, in handle_legacy_message_from_msgtype
    client = client_fn(str(message.metadata.partition_id))
             ^^^^^^^^^^^^^^^^^^^^^^^^^^^^^^^^^^^^^^^^^^^^^
  File "/nfs-share/pa511/developments/sft_trainer/client.py", line 191, in client_fn
    return FlowerClient(
           ^^^^^^^^^^^^^
  File "/nfs-share/pa511/developments/sft_trainer/client.py", line 69, in __init__
    self.model = get_model(cfg)
                 ^^^^^^^^^^^^^^
  File "/nfs-share/pa511/developments/sft_trainer/client.py", line 299, in get_model
    model = prepare_model_for_kbit_training(
            ^^^^^^^^^^^^^^^^^^^^^^^^^^^^^^^^
  File "/nfs-share/pa511/.cache/pypoetry/virtualenvs/sft-trainer-BuWaszXD-py3.11/lib/python3.11/site-packages/peft/utils/other.py", line 98, in prepare_model_for_kbit_training
    param.data = param.data.to(torch.float32)
                 ^^^^^^^^^^^^^^^^^^^^^^^^^^^^
torch.cuda.OutOfMemoryError: CUDA out of memory. Tried to allocate 100.00 MiB. GPU 

The above exception was the direct cause of the following exception:

[36mray::ClientAppActor.run()[39m (pid=3544856, ip=128.232.115.0, actor_id=21a810a08a17f9f233d27dbd01000000, repr=<flwr.simulation.ray_transport.ray_actor.ClientAppActor object at 0x7efcc4075650>)
           ^^^^^^^^^^^^^^^^^^^^^^^^^^^^^^^^^^^^
           ^^^^^^^^^^^^^^^^^^^^^^^^^^^^^^^
  File "/nfs-share/pa511/.cache/pypoetry/virtualenvs/sft-trainer-BuWaszXD-py3.11/lib/python3.11/site-packages/flwr/simulation/ray_transport/ray_actor.py", line 64, in run
    raise ClientAppException(str(ex)) from ex
flwr.client.client_app.ClientAppException: 
Exception ClientAppException occurred. Message: CUDA out of memory. Tried to allocate 100.00 MiB. GPU'>). It originated during client-side execution of a message.

                                                                                                                                                                                                                                                                                                                                                                                                                                                                                                                                                                                                                                                                                                                                                                                                                                                                                                                                                                                                                                                                                                                                                                                                                                                                                                                                                                                                                                                                                                                                                                                                                                                                                                                                                                                                                                                                                                                                                                                                                                                                                                                                                                                                                                                                                                                                                                                                                                                                                                                                                                                                                                                                                                                                                                                                                                                                                                                                                                                                                                                                                                                                                                                                                                                                                                                                                                                                                                                                                                                                                                                                                                                                                                                                                                                                                                                                                                                                                                                                                                                                                                                                                                                                                                                                                                                                                                                                                                                                                                                                                                                                                                                                                                                                                                                                                                                                                                                                                                                                                                                                                                                                                                                                                                                                                                                                                                                                                                                                                                                                                                                                                                                                                                                                                                                                                                                                                                                                                                                                                                                                                                                                                                                                                                                                                                                                                                                                                                                                                                                                                                                                                                                                                                                                                                                                                                                                                                                                                                                                                                                                                                                                                                                                                                                                                                                                                                                                                                                                                                                                                                                                                                                                                                                                                                                                                                                                                                                                                                                                                                                                                                                                                                                                                                                                                                                                                                                                                                                                                                                                                                                                                                                                                                                                                                                                                                                                                                                                                                                                                                                                                                                                                                                                                                                                                                                                                                                                                                                                                                                                                                                                                                                                                                                                                                                                                                                                                                                                                                                                                                                                                                                                                                                                                                                                                                                                                                                                                                                                                                                                                                                                                                                                                                                                                                                                                                                                                                                                                                                                                                                                                                                                                                                                                                                                                                                                                                                                                                                                                                                                                                                                                                                                                                                                                                                                                                                                                                                                                                                                                                                                                                                                                                                                                                                                                                                                                                                                                                                                                                                                                                                                                                                                                                                                                                                                                                                                                                                                                                                                                                                                                                                                                                                                                                                                                                                                                                                                                                                                                                                                                                                                                                                                                                                                                                                                                                                                                                                                                                                                                                                                                                                                                                                                                                                                                                                                                                                                                                                                                                                                                                                                                                                                                                                                                                                                                                                                                                                                                                                                                                                                                                                                                                                                                                                                                                                                                                                                                                                                                                                                                                                                                                                                                                                                                                                                                                                                                                                                                                                                                                                                                                                                                                                                                                                                                                                                                                                                                                                                                                                                                                                                                                                                                                                                                                                                                                                                                                                                                                                                                                                                                                                                                                                                                                                                                                                                                                                                                                                                                                                                                                                                                                                                                                                                                                                                                                                                                                                                                                                                                                                                                                                                                                                                                                                                                                                                                                                                                                                                                                                                                                                                                                                                                                                                                                                                                                                                                                                                                                                                                                                                                                                                                                                                                                                                                                                                                                                                                                                                                                                                                                                                                                                                                                                                                                                                                                                                                                                                                                                                                                                                                                                                                                                                                                                                                                                                                                                                                                                                                                                                                                                                                                                                                                                                                                                                                                                                                                                                                                                                                                                                                                                                                                                                                                                                                                                                                                                                                                                                                                                                                                                                                                                                                                                                                                                                                                                                                                                                                                                                                                                                                                                                                                                                                                                                                                                                                                                                                                                                                                                                                                                                                                                                                                                                                                                                                                                                                                                                                                                                                                                                                                                                                                                                                                                                                                                                                                                                                                                                                                                                                                                                                                                                                                                                                                                                                                                                                                                                                                                                                                                                                                                                                                                                                                                                                                                                                                                                                                                                                                                                                                                                                                                                                                                                                                                                                                                                                                                                                                                                                                                                                                                                                *** SIGTERM received at time=1720702997 on cpu 3 ***
PC: @     0x7fb41c6e0bbf  (unknown)  poll
    @     0x7fb41c611090       3536  (unknown)
    @     0x7fb35814de2f        144  (unknown)
    @     0x7fb358083bef         32  (unknown)
    @     0x7fb41c59b609  (unknown)  start_thread
[2024-07-11 14:03:17,910 E 3528413 3528482] logging.cc:361: *** SIGTERM received at time=1720702997 on cpu 3 ***
[2024-07-11 14:03:17,910 E 3528413 3528482] logging.cc:361: PC: @     0x7fb41c6e0bbf  (unknown)  poll
[2024-07-11 14:03:17,910 E 3528413 3528482] logging.cc:361:     @     0x7fb41c611090       3536  (unknown)
[2024-07-11 14:03:17,910 E 3528413 3528482] logging.cc:361:     @     0x7fb35814de2f        144  (unknown)
[2024-07-11 14:03:17,910 E 3528413 3528482] logging.cc:361:     @     0x7fb358083bef         32  (unknown)
[2024-07-11 14:03:17,910 E 3528413 3528482] logging.cc:361:     @     0x7fb41c59b609  (unknown)  start_thread
                                                                                                                                                                                                                                                                                                                                                                                                                                                                                                                                                                                                                                                                                                                                                                                                                                                                                                                                                                                                                                                                                                                                                                                                                                                                                                                                                                                                                                                                                                                                                                                                                                                                                                                                                                                                                                                                                                                                                                                                                                                                                                                                                                                                                                                                                                                                                                                                                                                                                                                                                                                                                                                                                                                                                                                                                                                                                                                                                                                                                                                                                                                                                                                                                                                                                                                                                                                                                                                                                                                                                                                                                                                                                                                                                                                                                                                                                                                                                                                                                                                                                                                                                                                                                                                                                                                                                                                                                                                                                                                                                                                                                                                                                                                                                                                                                                                                                                                                                                                                                                                                                                                                                                                                                                                                                                                                                                                                                                                                                                                                                                                                                                                                                                                                                                                                                                                                                                                                                                                                                                                                                                                                                                                                                                                                                                                                                                                                                                                                                                                                                                                                                                                                                                                                                                                                                                                                                                                                                                                                                                                                                                                                                                                                                                                                                                                                                                                                                                                                                                                                                                                                                                                                                                                                                                                                                                                                                                                                                                                                                                                                                                                                                                                                                                                                                                                                                                                                                                                                                                                                                                                                                                                                                                                                                                                                                                                                                                                                                                                                                                                                                                                                                                                                                                                                                                                                                                                                                                                                                                                                                                                                                                                                                                                                                                                                                                                                                                                                                                                                                                                                                                                                                                                                                                                                                                                                                                                                                                                                                                                                                                                                                                                                                                                                                                                                                                                                                                                                                                                                                                                                                                                                                                                                                                                                                                                                                                                                                                                                                                                                                                                                                                                                                                                                                                                                                                                                                                                                                                                                                                                                                                                                                                                                                                                                                                                                                                                                                                                                                                                                                                                                                                                                                                    *** SIGTERM received at time=1720702998 on cpu 3 ***
PC: @     0x7f833a0f595d  (unknown)  syscall
    @     0x7f833a020090  (unknown)  (unknown)
[2024-07-11 14:03:18,025 E 3534110 3534183] logging.cc:361: *** SIGTERM received at time=1720702998 on cpu 3 ***
[2024-07-11 14:03:18,025 E 3534110 3534183] logging.cc:361: PC: @     0x7f833a0f595d  (unknown)  syscall
[2024-07-11 14:03:18,025 E 3534110 3534183] logging.cc:361:     @     0x7f833a020090  (unknown)  (unknown)
                                                                                                                                                                                                                                                                                                                                                                                                                                                                                                                                                                                                                                                                                                                                                                                                                                                                                                                                                                                                                                                                                                                                                                                                                                                                                                                                                                                                                                                                                                                                                                                                                                                                                                                                                                                                                                                                                                                                                                                                                                                                                                                                                                                                                                                                                                                                                                                                                                                                                                                                                                                                                                                                                                                                                                                                                                                                                                                                                                                                                                                                                                                                                                                                                                                                                                                                                                                                                                                                                                                                                                                                                                                                                                                                                                                                                                                                                                                                                                                                                                                                                                                                                                                                                                                                                                                                                                                                                                                                                                                                                                                                                                                                                                                                                                                                                                                                                                                                                                                                                                                                                                                                                                                                                                                                                                                                                                                                                                                                                                                                                                                                                                                                                                                                                                                                                                                                                                                                                                                                                                                                                                                                                                                                                                                                                                                                                                                                                                                                                                                                                                                                                                                                                                                                                                                                                                                                                                                                                                                                                                                                                                                                                                                                                                                                                                                                                                                                                                                                                                                                                                                                                                                                                                                                                                                                                                                                                                                                                                                                                                                                                                                                                                                                                                                                                                                                                                                                                                                                                                                                                                                                                                                                                                                                                                                                                                                                                                                                                                                                                                                                                                                                                                                                                                                                                                                                                                                                                                                                                                                                                                                                                                                                                                                                                                                                                                                                                                                                                                                                                                                                                                                                                                                                                                                                                                                                                                                                                                                                                                                                                                                                                                                                                                                                                                                                                                                                                                                                                                                                                                                                                                                                                                                                                                                                                                                                                                                                                                                                                                                                                                                                                                                                                                                                                                                                                                                                                                                                                                                                                                                                                                                                                                                                                                                                                                                                                                                                                                                                                                                                                                                                                                                                                                                                                                                                                                                                                                                                                                                                                                                                                                                                                                                                                                                                                                                                                                                                                                                                                                                                                                                                                                                                                                                                                                                                                                                                                                                                                                                                                                                                                                                                                                                                                                                                                                                                                                                                                                                                                                                                                                                                                                                                                                                                                                                                                                                                                                                                                                                                                                                                                                                                                                                                                                                                                                                                                                                                                                                                                                                                                                                                                                                                                                                                                                                                                                                                                                                                                                                                                                                                                                                                                                                                                                                                                                                                                                                                                                                                                                                                                                                                                                                                                                                                                                                                                                                                                                                                                                                                                                                                                                                                                                                                                                                                                                                                                                                                                                                                                                                                                                                                                                                                                                                                                                                                                                                                                                                                                                                                                                                                                                                                                                                                                                                                                                                                                                                                                                                                                                                                                                                                                                                                                                                                                                                                                                                                                                                                                                                                                                                                                                                                                                                                                                                                                                                                                                                                                                                                                                                                                                                                                                                                                                                                                                                                                                                                                                                                                                                                                                                                                                                                                                                                                                                                                                                                                                                                                                                                                                                                                                                                                                                                                                                                                                                                                                                                                                                                                                                                                                                                                                                                                                                                                                                                                                                                                                                                                                                                                                                                                                                                                                                                                                                                                                                                                                                                                                                                                                                                                                                                                                                                                                                                                                                                                                                                                                                                                                                                                                                                                                                                                                                                                                                                                                                                                                                                                                                                                                                                                                                                                                                                                                                                                                                                                                                                                                                                                                                                                                                                                                                                                                                                                                                                                                                                                                                                                                                                                                                                                                                                                                                                                                                                                                                                                                                                                                                                                                                                                                                                                                                                                                                                                                                                                                                                                                                                                                                                                                                                                                                                                                                                                                                                                                                                                                                                                                                                                                                                                                                                                                                                                                                                                                                                                                                                                                                                                                                                                                                                                                                                                                                                                                                                                                                                                                                                                                                                                                                                                                                                                                                                                                                                                                                                                                                                                                                                                                                                                                                                                                                                                                                                                                                                                                                                                                                                                                                                                                                                                                                                                                                                                                                                                                                                                                                                                                                                                                                                                                                                                                                                                                                                                                                                                                                                                                                                                                                                                                                                                                                                                                                                                                                                                                                                                                                                                                                                                                                                                                                                                                                                                                                                                                                                                                                                                                                                                                                                                                                                                                                                                                                                                                                                                                                                                                                                                                                                                                                                                                                                                                                                                                                                                                                                                                                                                                                                                                                                                                                                                                                                                                                                                                                                                                                                                                                                                                                                                                                                                                                                                                                                                                                                                                                                                                                                                                                                                                                                                                                                                                                                                                                                                                                                                                                                                                                                                                                                                                                                                                                                                                                                                                                                                                                                                                                                                                                                                                                                                                                                                                                                                                                                                                                                                                                                                                                                                                                                                                                                                                                                                                                                                                                                                                                                                                                                                                                                                                                                                                                                                                                                                                                                                                                                                                                                                                                                                                                                                                                                                                                                                                                                                                                                                                                                                                                                                                                                                                                                                                                                                                                                                                                                                                                                                                                                                                                                                                                                                                                                                                                                                                                                                                                                                                                                                                                                                                                                                                                                                                                                                                                                                                                                                                                                                                                                                                                                                                                                                                                                                                                                                                                                                                                                                                                                                                                                                                                                                                                                                                                                                                                                                                                                                                                                                                                                                                                                                                                                                                                                                                                                                                                                                                                                                                                                                                                                                                                                                                                                                                                                                                                                                                                                                                                                                                                *** SIGTERM received at time=1720702997 on cpu 2 ***
PC: @     0x7fa8d25b195d  (unknown)  syscall
    @     0x7fa8d24dc090  (unknown)  (unknown)
[2024-07-11 14:03:17,648 E 3522738 3522815] logging.cc:361: *** SIGTERM received at time=1720702997 on cpu 2 ***
[2024-07-11 14:03:17,648 E 3522738 3522815] logging.cc:361: PC: @     0x7fa8d25b195d  (unknown)  syscall
[2024-07-11 14:03:17,648 E 3522738 3522815] logging.cc:361:     @     0x7fa8d24dc090  (unknown)  (unknown)
